Enter the file path: ро╣рпИрокрпЛроЯрпН роиро┐ропрпВро╕рпН роЗройрпНро▒ро╛ро▓рпН роОройрпНрой?
user_speech is converted to text:
ро╣рпИрокрпЛроЯрпН роиро┐ропрпВро╕рпН роЗройрпНро▒ро╛ро▓рпН роОройрпНрой?
!!!!!!
ро╡рогроХрпНроХроорпН роЪрпЖро▓рпНро▓роЩрпНроХро│рпЗ! "ро╣рпИрокрпЛроЯрпН роиро┐ропрпВро╕рпН" роОройрпНрокродрпБ роОройродрпБ роХро▓рпНрокройрпИ рокрпВроЩрпНроХро╛ро╡ро┐ро▓рпН роЙро│рпНро│ роТро░рпБ роХро▒рпНрокройрпИропро╛рой роЙро▓роХроорпН! роЕродро┐ро▓рпН роиро╛роорпН роЪро┐ро▒рпБро╡ро░рпНроХро│рпБроХрпНроХро╛рой роЪрпЖропрпНродро┐роХро│рпИропрпБроорпН, рокрпБродро┐роп роХродрпИроХро│рпИропрпБроорпН рокрпЗроЪро▓ро╛роорпН. роЙроЩрпНроХро│рпБроХрпНроХрпБ роОройрпНройрпЖройрпНрой ро╡ро┐ро╖ропроЩрпНроХро│рпН рокро┐роЯро┐роХрпНроХрпБроорпН роОройрпНро▒рпБ роЪрпКро▓рпНро▓рпБроЩрпНроХро│рпН, роЕродройрпНрокроЯро┐ роиро╛роорпН роЕро┤роХро╛рой роЪрпЖропрпНродро┐роХро│рпИ роЙро░рпБро╡ро╛роХрпНроХро▓ро╛роорпН!
gpt_response was:
ро╡рогроХрпНроХроорпН роЪрпЖро▓рпНро▓роЩрпНроХро│рпЗ! "ро╣рпИрокрпЛроЯрпН роиро┐ропрпВро╕рпН" роОройрпНрокродрпБ роОройродрпБ роХро▓рпНрокройрпИ рокрпВроЩрпНроХро╛ро╡ро┐ро▓рпН роЙро│рпНро│ роТро░рпБ роХро▒рпНрокройрпИропро╛рой роЙро▓роХроорпН! роЕродро┐ро▓рпН роиро╛роорпН роЪро┐ро▒рпБро╡ро░рпНроХро│рпБроХрпНроХро╛рой роЪрпЖропрпНродро┐роХро│рпИропрпБроорпН, рокрпБродро┐роп роХродрпИроХро│рпИропрпБроорпН рокрпЗроЪро▓ро╛роорпН. роЙроЩрпНроХро│рпБроХрпНроХрпБ роОройрпНройрпЖройрпНрой ро╡ро┐ро╖ропроЩрпНроХро│рпН рокро┐роЯро┐роХрпНроХрпБроорпН роОройрпНро▒рпБ роЪрпКро▓рпНро▓рпБроЩрпНроХро│рпН, роЕродройрпНрокроЯро┐ роиро╛роорпН роЕро┤роХро╛рой роЪрпЖропрпНродро┐роХро│рпИ роЙро░рпБро╡ро╛роХрпНроХро▓ро╛роорпН!
Enter the file path: р▓╣р│Ир▓кр▓╛р▓бр│Н р▓ир│Нр▓пр│Вр▓╕р│Н р▓Ор▓ир│Нр▓░р▓╛р▓│р▓┐р▓ир│Нр▓ир│Ж.
user_speech is converted to text:
р▓╣р│Ир▓кр▓╛р▓бр│Н р▓ир│Нр▓пр│Вр▓╕р│Н р▓Ор▓ир│Нр▓░р▓╛р▓│р▓┐р▓ир│Нр▓ир│Ж.
!!!!!!
ро╡рогроХрпНроХроорпН роЪро┐ро▒рпБро╡ро╛/роЪро┐ро▒рпБрооро┐ропрпЗ! роирпАроЩрпНроХро│рпН роХрпЗроЯрпНроЯ ро╡ро┐ро╖ропроорпН роХрпКроЮрпНроЪроорпН рооропроЩрпНроХро┐ роЗро░рпБроХрпНроХрпБ. "р▓╣р│Ир▓кр▓╛р▓бр│Н р▓ир│Нр▓пр│Вр▓╕р│Н" роОройрпНро▒ро╛ро▓рпН роОройрпНрой родрпЖро░ро┐ропрпБрооро╛? роЙроЩрпНроХро│рпН рокрпБро░ро┐роп ро╡ро┤ро┐роХро╛роЯрпНроЯро┐ропро╛роХ роиро╛ройрпН роЗроЩрпНроХрпБ роЗро░рпБроХрпНроХро┐ро▒рпЗройрпН, роЙроЩрпНроХро│рпН роХрпЗро│рпНро╡ро┐ропрпИ роЪро▒рпНро▒рпБ ро╡ро┐ро│роХрпНроХрооро╛роХ роЪрпКро▓рпНро▓ро┐ройро╛ро▓рпН роиро╛ройрпН роЙроЩрпНроХро│рпБроХрпНроХрпБ роЕро░рпБроорпИропро╛рой рокродро┐ро▓рпН роЕро│ро┐роХрпНроХ роорпБроЯро┐ропрпБроорпН. роиро╛роорпН роЪрпЗро░рпНроирпНродрпБ роЕро▒ро┐ро╡рпИ рокроХро┐ро░рпНроирпНродрпБроХрпКро│рпНро╡рпЛроорпН ро╡ро╛ро░рпБроЩрпНроХро│рпН! ЁЯШК
gpt_response was:
ро╡рогроХрпНроХроорпН роЪро┐ро▒рпБро╡ро╛/роЪро┐ро▒рпБрооро┐ропрпЗ! роирпАроЩрпНроХро│рпН роХрпЗроЯрпНроЯ ро╡ро┐ро╖ропроорпН роХрпКроЮрпНроЪроорпН рооропроЩрпНроХро┐ роЗро░рпБроХрпНроХрпБ. "р▓╣р│Ир▓кр▓╛р▓бр│Н р▓ир│Нр▓пр│Вр▓╕р│Н" роОройрпНро▒ро╛ро▓рпН роОройрпНрой родрпЖро░ро┐ропрпБрооро╛? роЙроЩрпНроХро│рпН рокрпБро░ро┐роп ро╡ро┤ро┐роХро╛роЯрпНроЯро┐ропро╛роХ роиро╛ройрпН роЗроЩрпНроХрпБ роЗро░рпБроХрпНроХро┐ро▒рпЗройрпН, роЙроЩрпНроХро│рпН роХрпЗро│рпНро╡ро┐ропрпИ роЪро▒рпНро▒рпБ ро╡ро┐ро│роХрпНроХрооро╛роХ роЪрпКро▓рпНро▓ро┐ройро╛ро▓рпН роиро╛ройрпН роЙроЩрпНроХро│рпБроХрпНроХрпБ роЕро░рпБроорпИропро╛рой рокродро┐ро▓рпН роЕро│ро┐роХрпНроХ роорпБроЯро┐ропрпБроорпН. роиро╛роорпН роЪрпЗро░рпНроирпНродрпБ роЕро▒ро┐ро╡рпИ рокроХро┐ро░рпНроирпНродрпБроХрпКро│рпНро╡рпЛроорпН ро╡ро╛ро░рпБроЩрпНроХро│рпН! ЁЯШК
Enter the file path: роорпЗроХрпНро╕рпНро▓ ро╣рпИрокрпНрокрпЛроЯрпН роиро┐ропрпВро╕рпНройро╛ роОройрпНрой?
user_speech is converted to text:
роорпЗроХрпНро╕рпНро▓ ро╣рпИрокрпНрокрпЛроЯрпН роиро┐ропрпВро╕рпНройро╛ роОройрпНрой?
!!!!!!
роУ! "ро╣рпИрокрпНрокрпЛроЯрпН роиро┐ропрпВро╕рпН" роОройрпНрокродрпБ роХрпБро▒ро┐родрпНродрпБ роХрпЗроЯрпНроХро┐ро▒рпАро░рпНроХро│ро╛? роироорпН роХро▓рпНрокройрпИропро┐ро▓рпН роТро░рпБ ро╡ро┐ро╖ропрооро╛роХ роиро╛роорпН роХро░рпБродро▓ро╛роорпН. ро╣рпИрокрпНрокрпЛроЯрпН роОройрпНрокродрпБ роТро░рпБ роХро▒рпНрокройрпИропро╛рой ро░рпЛрокрпЛроЯрпН рокрпЛройрпНро▒ роЪро╛родройроорпН роЖроХрпБроорпН. роЕродрпБ рокрпБродро┐роп родроХро╡ро▓рпНроЧро│рпН, роЕро▒ро┐ро╡ро┐рокрпНрокрпБроХро│рпН роЕро▓рпНро▓родрпБ роЪрпЖропрпНродро┐роХро│рпИ роЕро│ро┐роХрпНроХрпБроорпН роТро░рпБ роЪро╛родройрооро╛роХ роХро░рпБродро▓ро╛роорпН.

роЕродрпБ роХрпБро▒ро┐родрпНрод роХро▒рпНрокройрпИ роЙро▓роХро┐ро▓рпН, ро╣рпИрокрпНрокрпЛроЯрпН роирпЖроЯрпНро╡рпКро░рпНроХрпН роорпВро▓роорпН рокро▓ ро╡ро┐родрооро╛рой роЪрпЖропрпНродро┐роХро│рпИ рокрпЖро░рпБрооро│ро╡ро┐ро▓рпН ро╡ро┐ро░рпИро╡ро╛роХ рокро░рокрпНрокро┐ роЙродро╡рпБроорпН. роЗродрпБ роиро╛роорпН роХроЯрпНроЯро┐роХрпНроХро╛роЯрпНроЯрпБроорпН роТро░рпБ ро╡ро┐роирпЛродрооро╛рой ро╡ро┐ро╖ропроорпН роЖроХрпБроорпН, роЗро▓рпНро▓рпИропро╛? ЁЯШЙ

роЙроЩрпНроХро│ро┐роЯроорпН роорпЗро▓рпБроорпН роХрпЗро│рпНро╡ро┐роХро│рпН роЙро│рпНро│ройро╡ро╛? роОройрпНройрпИ роХрпЗроЯрпНроХ родропроЩрпНроХро╛родрпАро░рпНроХро│рпН. роиро╛ройрпН роЗроЩрпНроХрпБ роЙроЩрпНроХро│рпБроХрпНроХрпБ рокродро┐ро▓рпН роЕро│ро┐роХрпНроХ роЖропродрпНродрооро╛роХ роЙро│рпНро│рпЗройрпН! ЁЯШД
gpt_response was:
роУ! "ро╣рпИрокрпНрокрпЛроЯрпН роиро┐ропрпВро╕рпН" роОройрпНрокродрпБ роХрпБро▒ро┐родрпНродрпБ роХрпЗроЯрпНроХро┐ро▒рпАро░рпНроХро│ро╛? роироорпН роХро▓рпНрокройрпИропро┐ро▓рпН роТро░рпБ ро╡ро┐ро╖ропрооро╛роХ роиро╛роорпН роХро░рпБродро▓ро╛роорпН. ро╣рпИрокрпНрокрпЛроЯрпН роОройрпНрокродрпБ роТро░рпБ роХро▒рпНрокройрпИропро╛рой ро░рпЛрокрпЛроЯрпН рокрпЛройрпНро▒ роЪро╛родройроорпН роЖроХрпБроорпН. роЕродрпБ рокрпБродро┐роп родроХро╡ро▓рпНроЧро│рпН, роЕро▒ро┐ро╡ро┐рокрпНрокрпБроХро│рпН роЕро▓рпНро▓родрпБ роЪрпЖропрпНродро┐роХро│рпИ роЕро│ро┐роХрпНроХрпБроорпН роТро░рпБ роЪро╛родройрооро╛роХ роХро░рпБродро▓ро╛роорпН.

роЕродрпБ роХрпБро▒ро┐родрпНрод роХро▒рпНрокройрпИ роЙро▓роХро┐ро▓рпН, ро╣рпИрокрпНрокрпЛроЯрпН роирпЖроЯрпНро╡рпКро░рпНроХрпН роорпВро▓роорпН рокро▓ ро╡ро┐родрооро╛рой роЪрпЖропрпНродро┐роХро│рпИ рокрпЖро░рпБрооро│ро╡ро┐ро▓рпН ро╡ро┐ро░рпИро╡ро╛роХ рокро░рокрпНрокро┐ роЙродро╡рпБроорпН. роЗродрпБ роиро╛роорпН роХроЯрпНроЯро┐роХрпНроХро╛роЯрпНроЯрпБроорпН роТро░рпБ ро╡ро┐роирпЛродрооро╛рой ро╡ро┐ро╖ропроорпН роЖроХрпБроорпН, роЗро▓рпНро▓рпИропро╛? ЁЯШЙ

роЙроЩрпНроХро│ро┐роЯроорпН роорпЗро▓рпБроорпН роХрпЗро│рпНро╡ро┐роХро│рпН роЙро│рпНро│ройро╡ро╛? роОройрпНройрпИ роХрпЗроЯрпНроХ родропроЩрпНроХро╛родрпАро░рпНроХро│рпН. роиро╛ройрпН роЗроЩрпНроХрпБ роЙроЩрпНроХро│рпБроХрпНроХрпБ рокродро┐ро▓рпН роЕро│ро┐роХрпНроХ роЖропродрпНродрооро╛роХ роЙро│рпНро│рпЗройрпН! ЁЯШД
Enter the file path: High Potter News in Raleigh.
user_speech is converted to text:
High Potter News in Raleigh.
!!!!!!
роЕроХрпНроХро╛/роЕрогрпНрогро╛, роиро╛ройрпН родрокрпНрокрпБ рокрпБро░ро┐роирпНродрпБроХрпН роХрпКрогрпНроЯрпБро│рпНро│рпЗройро╛? роирпАроЩрпНроХро│рпН "Harry Potter" рокро▒рпНро▒ро┐роп роЪрпЖропрпНродро┐роХро│рпИроХрпН роХрпЗроЯрпНроЯро┐ро░рпБроХрпНроХро┐ро▒рпАро░рпНроХро│ро╛, роЕро▓рпНро▓родрпБ роирпАроЩрпНроХро│рпН "High Potter" роОройрпНро▒ рокрпБродро┐роп родрпКроЯро░рпН роЪроорпНромроирпНродрооро╛рой роЪрпЖропрпНродро┐роХро│рпИ роХрпЗроЯрпНроЯро┐ро░рпБроХрпНроХро┐ро▒рпАро░рпНроХро│ро╛? роПройрпЖройро┐ро▓рпН ро╣ро╛ро░ро┐ рокро╛роЯрпНроЯро░рпН рокро▒рпНро▒ро┐роп роЪрпЖропрпНродро┐роХро│рпН роОройрпНро▒ро╛ро▓рпН родро╛ройрпН роиро╛ройрпН роЙродро╡ роорпБроЯро┐ропрпБроорпН, рокрпБродро┐роп роПродрпЗройрпБроорпН родрпКроЯро░рпН роОройрпНро▒ро╛ро▓рпН роЕродрпБ роХрпБро▒ро┐родрпНрод родроХро╡ро▓рпИ родрпЗроЯ ро╡рпЗрогрпНроСро┐ро▒ро┐рпЖрой. роТро░рпБро╡рпЗро│рпИ роирпАроЩрпНроХро│рпН Raleigh, North Carolina роЪрпЖропрпНродро┐роХро│рпИрокрпН рокро▒рпНро▒ро┐ роХрпЗроЯрпНроЯро┐ро░рпБроирпНродро╛ро▓рпН, родропро╡рпБ роЪрпЖропрпНродрпБ роХрпКроЮрпНроЪроорпН ро╡ро┐ро│роХрпНроХрооро╛роХ роЪрпКро▓рпНро▓рпБроЩрпНроХро│рпН. роЕрокрпНрокрпЛродрпБ родро╛ройрпН роиро╛ройрпН роЙроЩрпНроХро│рпБроХрпНроХрпБ роЪро░ро┐ропро╛рой рокродро┐ро▓рпИ роЕро│ро┐роХрпНроХ роорпБроЯро┐ропрпБроорпН. ЁЯШКЁЯУЪ
gpt_response was:
роЕроХрпНроХро╛/роЕрогрпНрогро╛, роиро╛ройрпН родрокрпНрокрпБ рокрпБро░ро┐роирпНродрпБроХрпН роХрпКрогрпНроЯрпБро│рпНро│рпЗройро╛? роирпАроЩрпНроХро│рпН "Harry Potter" рокро▒рпНро▒ро┐роп роЪрпЖропрпНродро┐роХро│рпИроХрпН роХрпЗроЯрпНроЯро┐ро░рпБроХрпНроХро┐ро▒рпАро░рпНроХро│ро╛, роЕро▓рпНро▓родрпБ роирпАроЩрпНроХро│рпН "High Potter" роОройрпНро▒ рокрпБродро┐роп родрпКроЯро░рпН роЪроорпНромроирпНродрооро╛рой роЪрпЖропрпНродро┐роХро│рпИ роХрпЗроЯрпНроЯро┐ро░рпБроХрпНроХро┐ро▒рпАро░рпНроХро│ро╛? роПройрпЖройро┐ро▓рпН ро╣ро╛ро░ро┐ рокро╛роЯрпНроЯро░рпН рокро▒рпНро▒ро┐роп роЪрпЖропрпНродро┐роХро│рпН роОройрпНро▒ро╛ро▓рпН родро╛ройрпН роиро╛ройрпН роЙродро╡ роорпБроЯро┐ропрпБроорпН, рокрпБродро┐роп роПродрпЗройрпБроорпН родрпКроЯро░рпН роОройрпНро▒ро╛ро▓рпН роЕродрпБ роХрпБро▒ро┐родрпНрод родроХро╡ро▓рпИ родрпЗроЯ ро╡рпЗрогрпНроСро┐ро▒ро┐рпЖрой. роТро░рпБро╡рпЗро│рпИ роирпАроЩрпНроХро│рпН Raleigh, North Carolina роЪрпЖропрпНродро┐роХро│рпИрокрпН рокро▒рпНро▒ро┐ роХрпЗроЯрпНроЯро┐ро░рпБроирпНродро╛ро▓рпН, родропро╡рпБ роЪрпЖропрпНродрпБ роХрпКроЮрпНроЪроорпН ро╡ро┐ро│роХрпНроХрооро╛роХ роЪрпКро▓рпНро▓рпБроЩрпНроХро│рпН. роЕрокрпНрокрпЛродрпБ родро╛ройрпН роиро╛ройрпН роЙроЩрпНроХро│рпБроХрпНроХрпБ роЪро░ро┐ропро╛рой рокродро┐ро▓рпИ роЕро│ро┐роХрпНроХ роорпБроЯро┐ропрпБроорпН. ЁЯШКЁЯУЪ
Enter the file path: 
роЯро┐ропро╛роЩрпНроХро┐роЩрпНроХро▓рпНро▓ ро╣рпИрокрпНрокро╛роЯрпН роиро┐ропрпВро╕рпН роиро╛ройрпН роОройрпНрой?
user_speech is converted to text:
роЯро┐ропро╛роЩрпНроХро┐роЩрпНроХро▓рпНро▓ ро╣рпИрокрпНрокро╛роЯрпН роиро┐ропрпВро╕рпН роиро╛ройрпН роОройрпНрой?
!!!!!!
роЕроЯрпЗропрпН! роЙроЩрпНроХро│рпН роХрпЗро│рпНро╡ро┐ рооро┐роХро╡рпБроорпН роЕро┤роХрпБ! ЁЯШК роЯро┐ропро╛роЩрпНроХро┐роЩрпНроХро▓рпН роОройрпНрокродрпБ роЯро┐роЯро╛ройрпЛроЪро░рпН ро╡роХрпИропрпИроЪрпН роЪрпЗро░рпНроирпНродродрпБ. роЗро╡рпИ рокрпЖро░ро┐роп роЙроЯро▓рпБроорпН, роирпАрогрпНроЯ роХрпКроорпНрокрпБроХро│рпБроорпН роХрпКрогрпНроЯ роЪрпЖроЯро┐ропрпЛро╡ро┐ройрпН роЕродро┐роХ роЙрогро╡рпБ роЙрогрпНрогрпБроорпН роЙропро┐ро░ро┐ройроЩрпНроХро│рпН роЖро╡ро╛ро░рпНроХро│рпН. роЗро╡рпИ рокрпВрооро┐ропро┐ро▓рпН роЪрпБрооро╛ро░рпН 150 рооро┐ро▓рпНро▓ро┐ропройрпН роЖрогрпНроЯрпБроХро│рпБроХрпНроХрпБ роорпБройрпНрокрпБ ро╡ро╛ро┤рпНроирпНродро┐ро░рпБроирпНродрой. роЗро╡рпИроХро│рпИ рокро▒рпНро▒ро┐ роироорпНрооро┐ро▓рпН роЪро┐ро▓ро░рпБроХрпНроХрпБ роХроорпНрокрпАро░рооро╛рой роЕродро┐роЪропроорпН родрпЛройрпНро▒рпБроорпН, роЪро┐ро▓ро░рпБроХрпНроХрпБ рокрпЖро░рпБрооро┐родроорпН родрпЛройрпНро▒рпБроорпН! ЁЯжХЁЯМ┐
gpt_response was:
роЕроЯрпЗропрпН! роЙроЩрпНроХро│рпН роХрпЗро│рпНро╡ро┐ рооро┐роХро╡рпБроорпН роЕро┤роХрпБ! ЁЯШК роЯро┐ропро╛роЩрпНроХро┐роЩрпНроХро▓рпН роОройрпНрокродрпБ роЯро┐роЯро╛ройрпЛроЪро░рпН ро╡роХрпИропрпИроЪрпН роЪрпЗро░рпНроирпНродродрпБ. роЗро╡рпИ рокрпЖро░ро┐роп роЙроЯро▓рпБроорпН, роирпАрогрпНроЯ роХрпКроорпНрокрпБроХро│рпБроорпН роХрпКрогрпНроЯ роЪрпЖроЯро┐ропрпЛро╡ро┐ройрпН роЕродро┐роХ роЙрогро╡рпБ роЙрогрпНрогрпБроорпН роЙропро┐ро░ро┐ройроЩрпНроХро│рпН роЖро╡ро╛ро░рпНроХро│рпН. роЗро╡рпИ рокрпВрооро┐ропро┐ро▓рпН роЪрпБрооро╛ро░рпН 150 рооро┐ро▓рпНро▓ро┐ропройрпН роЖрогрпНроЯрпБроХро│рпБроХрпНроХрпБ роорпБройрпНрокрпБ ро╡ро╛ро┤рпНроирпНродро┐ро░рпБроирпНродрой. роЗро╡рпИроХро│рпИ рокро▒рпНро▒ро┐ роироорпНрооро┐ро▓рпН роЪро┐ро▓ро░рпБроХрпНроХрпБ роХроорпНрокрпАро░рооро╛рой роЕродро┐роЪропроорпН родрпЛройрпНро▒рпБроорпН, роЪро┐ро▓ро░рпБроХрпНроХрпБ рокрпЖро░рпБрооро┐родроорпН родрпЛройрпНро▒рпБроорпН! ЁЯжХЁЯМ┐
Enter the file path: 
роРрокро╛роЯрпБ роирпЖропрпБро╕рпН роОройрпНро▒ро╛ро▓рпН роОройрпНрой
user_speech is converted to text:
роРрокро╛роЯрпБ роирпЖропрпБро╕рпН роОройрпНро▒ро╛ро▓рпН роОройрпНрой
!!!!!!
роРрокро╛роЯрпБ роирпЖропрпБро╕рпН роОройрпНрокродрпБ роРрокро╛роЯрпН роОройрпНроХро┐ро▒ роЖрокрпНрокро┐ро│рпН роиро┐ро▒рпБро╡ройродрпНродро┐ройрпН роХрпИропроЯроХрпНроХ роЪро╛родройродрпНродро┐ройрпН рокро▒рпНро▒ро┐роп роЕрогрпНроорпИроп роЪрпЖропрпНродро┐роХро│рпН роЕро▓рпНро▓родрпБ рокрпБродро┐роп ро╡рпЖро│ро┐ропрпАроЯрпБроХро│рпН роХрпБро▒ро┐родрпНрод родроХро╡ро▓рпНроХро│рпН роОрой рокрпБро░ро┐ропро▓ро╛роорпН. роЕроирпНродроЪрпН роЪро╛родройроорпН рокро╛роЯро▓рпНроХро│рпН роХрпЗроЯрпНроХ, ро╡ро┐ро│рпИропро╛роЯ, рокроЯро┐роХрпНроХ, роЗрогрпИропродрпНродро┐ро▓рпН роЪрпБро▒рпНро▒ро┐рокрпН рокро╛ро░рпНроХрпНроХ роЙродро╡рпБроорпН роТро░рпБ роХрпБроЯрпНроЯро┐ рокрпКроорпНроорпИ рокрпЛро▓ роЕроорпИроирпНродрпБро│рпНро│родрпБ. роирпА роРрокро╛роЯрпБ рокро▒рпНро▒ро┐роп роЪрпЖропрпНродро┐роХро│рпИ роЕро▒ро┐ро╡родрпБ, роЕродро┐ро▓рпН роОройрпНрой рокрпБродро┐роп роЪрпЖропро▓ро┐роХро│рпН ро╡роирпНродрпБро│рпНро│рой, роОройрпНрой рокрпБродро┐роп ро╡роЪродро┐роХро│рпН роЪрпЗро░рпНроХрпНроХрокрпНрокроЯрпНроЯрпБро│рпНро│рой роОройрпНрокродрпИ роЕро▒ро┐ро╡родро┐ро▓рпН роЙродро╡рпБроорпН. роЕрокрпНрокроЯро┐ропрпЗ роЙройрпН роРрокро╛роЯро┐ро▓рпН роЗройрпНройрпБроорпН роЪро┐ро▒рокрпНрокро╛роХ ро╡ро┐ро│рпИропро╛роЯро▓ро╛роорпН, рокроЯро┐роХрпНроХро▓ро╛роорпН, роороХро┐ро┤рпНроЪрпНроЪро┐ропрпИ рокрпЖро▒ро▓ро╛роорпН!
gpt_response was:
роРрокро╛роЯрпБ роирпЖропрпБро╕рпН роОройрпНрокродрпБ роРрокро╛роЯрпН роОройрпНроХро┐ро▒ роЖрокрпНрокро┐ро│рпН роиро┐ро▒рпБро╡ройродрпНродро┐ройрпН роХрпИропроЯроХрпНроХ роЪро╛родройродрпНродро┐ройрпН рокро▒рпНро▒ро┐роп роЕрогрпНроорпИроп роЪрпЖропрпНродро┐роХро│рпН роЕро▓рпНро▓родрпБ рокрпБродро┐роп ро╡рпЖро│ро┐ропрпАроЯрпБроХро│рпН роХрпБро▒ро┐родрпНрод родроХро╡ро▓рпНроХро│рпН роОрой рокрпБро░ро┐ропро▓ро╛роорпН. роЕроирпНродроЪрпН роЪро╛родройроорпН рокро╛роЯро▓рпНроХро│рпН роХрпЗроЯрпНроХ, ро╡ро┐ро│рпИропро╛роЯ, рокроЯро┐роХрпНроХ, роЗрогрпИропродрпНродро┐ро▓рпН роЪрпБро▒рпНро▒ро┐рокрпН рокро╛ро░рпНроХрпНроХ роЙродро╡рпБроорпН роТро░рпБ роХрпБроЯрпНроЯро┐ рокрпКроорпНроорпИ рокрпЛро▓ роЕроорпИроирпНродрпБро│рпНро│родрпБ. роирпА роРрокро╛роЯрпБ рокро▒рпНро▒ро┐роп роЪрпЖропрпНродро┐роХро│рпИ роЕро▒ро┐ро╡родрпБ, роЕродро┐ро▓рпН роОройрпНрой рокрпБродро┐роп роЪрпЖропро▓ро┐роХро│рпН ро╡роирпНродрпБро│рпНро│рой, роОройрпНрой рокрпБродро┐роп ро╡роЪродро┐роХро│рпН роЪрпЗро░рпНроХрпНроХрокрпНрокроЯрпНроЯрпБро│рпНро│рой роОройрпНрокродрпИ роЕро▒ро┐ро╡родро┐ро▓рпН роЙродро╡рпБроорпН. роЕрокрпНрокроЯро┐ропрпЗ роЙройрпН роРрокро╛роЯро┐ро▓рпН роЗройрпНройрпБроорпН роЪро┐ро▒рокрпНрокро╛роХ ро╡ро┐ро│рпИропро╛роЯро▓ро╛роорпН, рокроЯро┐роХрпНроХро▓ро╛роорпН, роороХро┐ро┤рпНроЪрпНроЪро┐ропрпИ рокрпЖро▒ро▓ро╛роорпН!
Enter the file path: 
iPod and use maths
user_speech is converted to text:
iPod and use maths
!!!!!!
ро╣ро▓рпЛ роЪрпЖро▓рпНро▓роЩрпНроХро│ро╛! iPod роХрпБро▒ро┐родрпНродрпБ рокрпЗроЪро▓ро╛рооро╛? роирпАроЩрпНроХро│рпН роТро░рпБ рокро╛роЯро▓рпН роирпАро│роорпН роЪрпКро▓рпНро▓ро┐, роОродрпНродройрпИ рокро╛роЯро▓рпНроХро│рпН роЙроЩрпНроХро│рпН iPod роЗро▓рпН роЗроЯроорпНрокрпЖро▒рпБроорпН роОройрпНро▒рпБ роХрогро┐роХрпНроХро▓ро╛роорпН!

роЙродро╛ро░рогрооро╛роХ, роЙроЩрпНроХро│рпН iPod роЗро▓рпН 32GB роорпЖрооро░ро┐ роЙро│рпНро│родрпБ роОройрпНро▒рпБ роХрпКро│рпНро╡рпЛроорпН. роТро╡рпНро╡рпКро░рпБ рокро╛роЯро▓рпБроорпН роЪрпБрооро╛ро░рпН 4MB роиро┐ройрпИро╡роХ роЕро│ро╡рпБ рокропройрпНрокроЯрпБродрпНродрпБроХро┐ро▒родрпБ роОройрпНро▒рпБ роХро░рпБродрпБро╡рпЛроорпН. роорпБродро▓ро┐ро▓рпН, MB роР GB роЖроХ рооро╛ро▒рпНро▒ ро╡рпЗрогрпНроЯрпБроорпН. 1GB=1024MB роОройрпНрокродро╛ро▓рпН:

32GB = 32 x 1024 MB = 32768MB

роЗрокрпНрокрпЛродрпБ, роорпКродрпНрод роиро┐ройрпИро╡роХродрпНродрпИ роТро░рпБ рокро╛роЯро▓ро┐ройрпН роЕро│ро╡рпБроЯройрпН ро╡роХрпБроХрпНроХро╡рпБроорпН:

32768MB / 4MB per song = 8192 рокро╛роЯро▓рпНроХро│рпН

роЕродро╛ро╡родрпБ, роЙроЩрпНроХро│рпН iPod роЗро▓рпН роЪрпБрооро╛ро░рпН 8192 рокро╛роЯро▓рпНроХро│рпИ роЪрпЗрооро┐роХрпНроХ роорпБроЯро┐ропрпБроорпН. ро╡ро╛ро╡рпН, роЕродрпБ ро░рпКроорпНрок рокрпЖро░ро┐роп роЗроЪрпИродрпН родрпКроХрпБрокрпНрокро╛ роЗро░рпБроХрпНроХрпБроорпЗ! роЗродро┐ро▓рпН роОройрпНрой роОройрпНрой рокро╛роЯро▓рпНроХро│рпИ роЪрпЗро░рпНроХрпНроХ рокрпЛроХро┐ро▒рпАро░рпНроХро│рпН? ЁЯО╢ЁЯШК
gpt_response was:
ро╣ро▓рпЛ роЪрпЖро▓рпНро▓роЩрпНроХро│ро╛! iPod роХрпБро▒ро┐родрпНродрпБ рокрпЗроЪро▓ро╛рооро╛? роирпАроЩрпНроХро│рпН роТро░рпБ рокро╛роЯро▓рпН роирпАро│роорпН роЪрпКро▓рпНро▓ро┐, роОродрпНродройрпИ рокро╛роЯро▓рпНроХро│рпН роЙроЩрпНроХро│рпН iPod роЗро▓рпН роЗроЯроорпНрокрпЖро▒рпБроорпН роОройрпНро▒рпБ роХрогро┐роХрпНроХро▓ро╛роорпН!

роЙродро╛ро░рогрооро╛роХ, роЙроЩрпНроХро│рпН iPod роЗро▓рпН 32GB роорпЖрооро░ро┐ роЙро│рпНро│родрпБ роОройрпНро▒рпБ роХрпКро│рпНро╡рпЛроорпН. роТро╡рпНро╡рпКро░рпБ рокро╛роЯро▓рпБроорпН роЪрпБрооро╛ро░рпН 4MB роиро┐ройрпИро╡роХ роЕро│ро╡рпБ рокропройрпНрокроЯрпБродрпНродрпБроХро┐ро▒родрпБ роОройрпНро▒рпБ роХро░рпБродрпБро╡рпЛроорпН. роорпБродро▓ро┐ро▓рпН, MB роР GB роЖроХ рооро╛ро▒рпНро▒ ро╡рпЗрогрпНроЯрпБроорпН. 1GB=1024MB роОройрпНрокродро╛ро▓рпН:

32GB = 32 x 1024 MB = 32768MB

роЗрокрпНрокрпЛродрпБ, роорпКродрпНрод роиро┐ройрпИро╡роХродрпНродрпИ роТро░рпБ рокро╛роЯро▓ро┐ройрпН роЕро│ро╡рпБроЯройрпН ро╡роХрпБроХрпНроХро╡рпБроорпН:

32768MB / 4MB per song = 8192 рокро╛роЯро▓рпНроХро│рпН

роЕродро╛ро╡родрпБ, роЙроЩрпНроХро│рпН iPod роЗро▓рпН роЪрпБрооро╛ро░рпН 8192 рокро╛роЯро▓рпНроХро│рпИ роЪрпЗрооро┐роХрпНроХ роорпБроЯро┐ропрпБроорпН. ро╡ро╛ро╡рпН, роЕродрпБ ро░рпКроорпНрок рокрпЖро░ро┐роп роЗроЪрпИродрпН родрпКроХрпБрокрпНрокро╛ роЗро░рпБроХрпНроХрпБроорпЗ! роЗродро┐ро▓рпН роОройрпНрой роОройрпНрой рокро╛роЯро▓рпНроХро│рпИ роЪрпЗро░рпНроХрпНроХ рокрпЛроХро┐ро▒рпАро░рпНроХро│рпН? ЁЯО╢ЁЯШК
Enter the file path: 
I am Hitlerpati Kurungal.
user_speech is converted to text:
I am Hitlerpati Kurungal.
!!!!!!
ро╣ро▓рпЛ ро╣ро┐роЯрпНро▓ро░рпНрокроЯрпНроЯро┐ роХрпБро░рпБроЩрпНроХро│рпН! роЙроЩрпНроХро│рпБроХрпНроХрпБ роОройрпНрой роЙродро╡ро┐ ро╡рпЗрогрпНроЯрпБроорпН? роХрпЗро│рпНро╡ро┐роХро│рпН роХрпЗро│рпБроЩрпНроХро│рпН, роиро╛ройрпН роЙроЩрпНроХро│рпЛроЯрпБ ро╡ро┐ро│рпИропро╛роЯ родропро╛ро░рпН! ЁЯМЯ
gpt_response was:
ро╣ро▓рпЛ ро╣ро┐роЯрпНро▓ро░рпНрокроЯрпНроЯро┐ роХрпБро░рпБроЩрпНроХро│рпН! роЙроЩрпНроХро│рпБроХрпНроХрпБ роОройрпНрой роЙродро╡ро┐ ро╡рпЗрогрпНроЯрпБроорпН? роХрпЗро│рпНро╡ро┐роХро│рпН роХрпЗро│рпБроЩрпНроХро│рпН, роиро╛ройрпН роЙроЩрпНроХро│рпЛроЯрпБ ро╡ро┐ро│рпИропро╛роЯ родропро╛ро░рпН! ЁЯМЯ
Enter the file path: 
Enter the file path: 
Enter the file path: 
ро╣ро┐роЯрпНро▓ро░рпН роОройрпНрокро╡ро░рпН ропро╛ро░рпН?
user_speech is converted to text:
ро╣ро┐роЯрпНро▓ро░рпН роОройрпНрокро╡ро░рпН ропро╛ро░рпН?
!!!!!!
ро╣ро▓рпЛ ро╡рогроХрпНроХроорпН! роЕродрпЛ роЙроЩрпНроХро│рпН роХрпЗро│рпНро╡ро┐роХрпНроХрпБ рокродро┐ро▓рпН роЗродрпЛ:

роЕроЯрпЛро▓рпНрокрпН ро╣ро┐роЯрпНро▓ро░рпН роОройрпНрокро╡ро░рпН роЬрпЖро░рпНрооройро┐ропро┐ройрпН роТро░рпБ рокро┐ро░рокро▓рооро╛рой родро▓рпИро╡ро░рпН роЖро╡ро╛ро░рпН. роЗро╡ро░рпН 1934 роорпБродро▓рпН 1945 ро╡ро░рпИ роЬрпЖро░рпНрооройро┐ропрпИ роЖроЯрпНроЪро┐ роЪрпЖропрпНродро╡ро░рпН. роЗро╡ро░рпН роиро╛роЪро┐ роХроЯрпНроЪро┐ропро┐ройрпН родро▓рпИро╡ро░ро╛роХ роЗро░рпБроирпНродрпБ, роЗро░рогрпНроЯро╛ро╡родрпБ роЙро▓роХрокрпН рокрпЛро░рпН(1939-1945) рооро▒рпНроСроорпН ро╣рпЛро▓рпЛроХро╛ро╕рпНроЯрпН роОройрокрпНрокроЯрпБроорпН рооро┐роХрокрпНрокрпЖро░ро┐роп рооройро┐род роЗрой роЕро┤ро┐рокрпНрокрпИ роироЯродрпНродро┐ропро╡ро░рпН. ро╣ро┐роЯрпНро▓ро░ро┐ройрпН роЖроЯрпНроЪро┐ропро┐ро▓рпН роиро┐роХро┤рпНроирпНрод роЗроирпНрод роХрпКроЯрпВро░роЩрпНроХро│рпН роЙро▓роХ ро╡ро░ро▓ро╛ро▒рпНро▒ро┐ро▓рпН роТро░рпБ роХро░рпБрокрпНрокрпБ роЕродрпНродро┐ропро╛ропрооро╛роХ роЙро│рпНро│родрпБ.

роЕроЯрпБродрпНрод роХрпЗро│рпНро╡ро┐ роОройрпНрой? роЙроЩрпНроХро│рпН роЕро▒ро┐ро╡рпИ роорпЗро▓рпБроорпН ро╡ро┐роЪро╛ро░ро┐роХрпНроХ роиро╛ройрпН роЗроЩрпНроХрпЗ роЙро│рпНро│рпЗройрпН! ЁЯШК
gpt_response was:
ро╣ро▓рпЛ ро╡рогроХрпНроХроорпН! роЕродрпЛ роЙроЩрпНроХро│рпН роХрпЗро│рпНро╡ро┐роХрпНроХрпБ рокродро┐ро▓рпН роЗродрпЛ:

роЕроЯрпЛро▓рпНрокрпН ро╣ро┐роЯрпНро▓ро░рпН роОройрпНрокро╡ро░рпН роЬрпЖро░рпНрооройро┐ропро┐ройрпН роТро░рпБ рокро┐ро░рокро▓рооро╛рой родро▓рпИро╡ро░рпН роЖро╡ро╛ро░рпН. роЗро╡ро░рпН 1934 роорпБродро▓рпН 1945 ро╡ро░рпИ роЬрпЖро░рпНрооройро┐ропрпИ роЖроЯрпНроЪро┐ роЪрпЖропрпНродро╡ро░рпН. роЗро╡ро░рпН роиро╛роЪро┐ роХроЯрпНроЪро┐ропро┐ройрпН родро▓рпИро╡ро░ро╛роХ роЗро░рпБроирпНродрпБ, роЗро░рогрпНроЯро╛ро╡родрпБ роЙро▓роХрокрпН рокрпЛро░рпН(1939-1945) рооро▒рпНроСроорпН ро╣рпЛро▓рпЛроХро╛ро╕рпНроЯрпН роОройрокрпНрокроЯрпБроорпН рооро┐роХрокрпНрокрпЖро░ро┐роп рооройро┐род роЗрой роЕро┤ро┐рокрпНрокрпИ роироЯродрпНродро┐ропро╡ро░рпН. ро╣ро┐роЯрпНро▓ро░ро┐ройрпН роЖроЯрпНроЪро┐ропро┐ро▓рпН роиро┐роХро┤рпНроирпНрод роЗроирпНрод роХрпКроЯрпВро░роЩрпНроХро│рпН роЙро▓роХ ро╡ро░ро▓ро╛ро▒рпНро▒ро┐ро▓рпН роТро░рпБ роХро░рпБрокрпНрокрпБ роЕродрпНродро┐ропро╛ропрооро╛роХ роЙро│рпНро│родрпБ.

роЕроЯрпБродрпНрод роХрпЗро│рпНро╡ро┐ роОройрпНрой? роЙроЩрпНроХро│рпН роЕро▒ро┐ро╡рпИ роорпЗро▓рпБроорпН ро╡ро┐роЪро╛ро░ро┐роХрпНроХ роиро╛ройрпН роЗроЩрпНроХрпЗ роЙро│рпНро│рпЗройрпН! ЁЯШК
Enter the file path: 
ро╣ро┐роЯрпНро▓ро░рпН роОройрпНрой родро╡ро▒рпБ роЪрпЖропрпНродро╛ройрпН
user_speech is converted to text:
ро╣ро┐роЯрпНро▓ро░рпН роОройрпНрой родро╡ро▒рпБ роЪрпЖропрпНродро╛ройрпН
!!!!!!
ро╣ро┐роЯрпНро▓ро░ро┐ройрпН роХро╛ро▓родрпНродро┐ро▓рпН, рокрпЖро░ро┐роп рокрпЖро░ро┐роп родро╡ро▒рпБроХро│рпН роЙрогрпНроЯро╛роХро┐рой. роЕро╡ро░рпН ро╡рпЖро╡рпНро╡рпЗро▒рпБ роЗройроЩрпНроХро│рпН, роородроЩрпНроХро│рпН, рооро▒рпНро▒рпБроорпН роЪроорпВроХроЩрпНроХро│рпН роорпАродрпБ ро╡рпЖро▒рпБрокрпНрокрпБ рооро▒рпНро▒рпБроорпН ро╡ройрпНроорпБро▒рпИропрпИ роКроХрпНроХрпБро╡ро┐родрпНродро╡ро░рпН. роЗро╡ро░рпН родро▓рпИроорпИропро┐ро▓рпН, роиро╛роЪро┐роХрпНроХро│рпН ро╣рпЛро▓рпЛроХро╛ро╕рпНроЯрпН роОройрокрпНрокроЯрпБроорпН роХрпКроЯрпВро░рооро╛рой рооройро┐род роЗрой роЕро┤ро┐рокрпНрокрпИ роиро┐роХро┤рпНродрпНродро┐ройро╛ро░рпНроХро│рпН, роЗродро┐ро▓рпН роЖро▒рпБ рооро┐ро▓рпНро▓ро┐ропройрпН ропрпВродро░рпНроХро│рпН роЙро│рпНрокроЯ рокро▓ рооро┐ро▓рпНро▓ро┐ропройрпН роороХрпНроХро│рпН роХрпКро▓рпНро▓рокрпНрокроЯрпНроЯройро░рпН. 

роорпЗро▓рпБроорпН, ро╣ро┐роЯрпНро▓ро░рпН роОройрпНрокро╡ро░рпН рокро┐ро▒ роиро╛роЯрпБроХро│рпН роорпАродрпБ рокрпЛро░рпН родрпКроЯрпБродрпНродрпБ, роЙро▓роХро│ро╛ро╡ро┐роп роЕроорпИродро┐ропрпИ роХрпБро▓рпИродрпНродро╛ро░рпН, роЗродрпБ роЗро░рогрпНробро╛ро╡родрпБ роЙро▓роХрокрпН рокрпЛро░рпН роЖро░роорпНрокрооро╛роХро┐, роХрпЛроЯро┐роХрпНроХрогроХрпНроХро╛рой роороХрпНроХро│ро┐ройрпН роЙропро┐ро░рпНроХро│рпИ рокро▓ро┐ропро╛роХрпНроХро┐ропродрпБ.

роОройрпНрой рокрпЖро░ро┐роп родро╡ро▒рпБроХро│рпН роЪрпЖропрпНродро╛ро░рпН роОройрпНрокродрпИ роЗроирпНрод роЪро┐ро▒рокрпНрокро╛рой ро╡ро┐ро╖ропроЩрпНроХро│рпН роироорпНрооро┐роЯроорпН ро╡ро┐ро│роХрпНроХрпБроХро┐ройрпНро▒рой. роЗроирпНрод родро╡ро▒рпБроХро│рпН роироороХрпНроХрпБ рокроЯро┐родрпНродрпБ роХрпКро│рпНро│ рооро▒рпНро▒рпБроорпН роиро▓рпНро▓ рооройро┐родро░рпНроХро│ро╛роХ ро╡ро╛ро┤ роЙродро╡рпБроХро┐ройрпНро▒рой.

роЗройрпНройрпБроорпН ро╡ро┐ро│роХрпНроХрооро╛роХ роЕро▒ро┐роп ро╡ро┐ро░рпБроорпНрокро┐ройро╛ро▓рпН, роХрпЗро│рпБроЩрпНроХро│рпН! роиро╛ройрпН роЙроЩрпНроХро│рпБроХрпНроХрпБ ро╡ро┐ро│роХрпНроХрооро╛роХ рокродро┐ро▓рпН роЕро│ро┐рокрпНрокрпЗройрпН. ЁЯШК
gpt_response was:
ро╣ро┐роЯрпНро▓ро░ро┐ройрпН роХро╛ро▓родрпНродро┐ро▓рпН, рокрпЖро░ро┐роп рокрпЖро░ро┐роп родро╡ро▒рпБроХро│рпН роЙрогрпНроЯро╛роХро┐рой. роЕро╡ро░рпН ро╡рпЖро╡рпНро╡рпЗро▒рпБ роЗройроЩрпНроХро│рпН, роородроЩрпНроХро│рпН, рооро▒рпНро▒рпБроорпН роЪроорпВроХроЩрпНроХро│рпН роорпАродрпБ ро╡рпЖро▒рпБрокрпНрокрпБ рооро▒рпНро▒рпБроорпН ро╡ройрпНроорпБро▒рпИропрпИ роКроХрпНроХрпБро╡ро┐родрпНродро╡ро░рпН. роЗро╡ро░рпН родро▓рпИроорпИропро┐ро▓рпН, роиро╛роЪро┐роХрпНроХро│рпН ро╣рпЛро▓рпЛроХро╛ро╕рпНроЯрпН роОройрокрпНрокроЯрпБроорпН роХрпКроЯрпВро░рооро╛рой рооройро┐род роЗрой роЕро┤ро┐рокрпНрокрпИ роиро┐роХро┤рпНродрпНродро┐ройро╛ро░рпНроХро│рпН, роЗродро┐ро▓рпН роЖро▒рпБ рооро┐ро▓рпНро▓ро┐ропройрпН ропрпВродро░рпНроХро│рпН роЙро│рпНрокроЯ рокро▓ рооро┐ро▓рпНро▓ро┐ропройрпН роороХрпНроХро│рпН роХрпКро▓рпНро▓рокрпНрокроЯрпНроЯройро░рпН. 

роорпЗро▓рпБроорпН, ро╣ро┐роЯрпНро▓ро░рпН роОройрпНрокро╡ро░рпН рокро┐ро▒ роиро╛роЯрпБроХро│рпН роорпАродрпБ рокрпЛро░рпН родрпКроЯрпБродрпНродрпБ, роЙро▓роХро│ро╛ро╡ро┐роп роЕроорпИродро┐ропрпИ роХрпБро▓рпИродрпНродро╛ро░рпН, роЗродрпБ роЗро░рогрпНробро╛ро╡родрпБ роЙро▓роХрокрпН рокрпЛро░рпН роЖро░роорпНрокрооро╛роХро┐, роХрпЛроЯро┐роХрпНроХрогроХрпНроХро╛рой роороХрпНроХро│ро┐ройрпН роЙропро┐ро░рпНроХро│рпИ рокро▓ро┐ропро╛роХрпНроХро┐ропродрпБ.

роОройрпНрой рокрпЖро░ро┐роп родро╡ро▒рпБроХро│рпН роЪрпЖропрпНродро╛ро░рпН роОройрпНрокродрпИ роЗроирпНрод роЪро┐ро▒рокрпНрокро╛рой ро╡ро┐ро╖ропроЩрпНроХро│рпН роироорпНрооро┐роЯроорпН ро╡ро┐ро│роХрпНроХрпБроХро┐ройрпНро▒рой. роЗроирпНрод родро╡ро▒рпБроХро│рпН роироороХрпНроХрпБ рокроЯро┐родрпНродрпБ роХрпКро│рпНро│ рооро▒рпНро▒рпБроорпН роиро▓рпНро▓ рооройро┐родро░рпНроХро│ро╛роХ ро╡ро╛ро┤ роЙродро╡рпБроХро┐ройрпНро▒рой.

роЗройрпНройрпБроорпН ро╡ро┐ро│роХрпНроХрооро╛роХ роЕро▒ро┐роп ро╡ро┐ро░рпБроорпНрокро┐ройро╛ро▓рпН, роХрпЗро│рпБроЩрпНроХро│рпН! роиро╛ройрпН роЙроЩрпНроХро│рпБроХрпНроХрпБ ро╡ро┐ро│роХрпНроХрооро╛роХ рокродро┐ро▓рпН роЕро│ро┐рокрпНрокрпЗройрпН. ЁЯШК
Enter the file path: 
Enter the file path: 
ро╣ро┐роЯрпНро▓ро░рпН роОройрпНрокро╡ро░рпН ропро╛ро░рпН?
user_speech is converted to text:
ро╣ро┐роЯрпНро▓ро░рпН роОройрпНрокро╡ро░рпН ропро╛ро░рпН?
Enter the file path: 
Enter the file path: 
ро╣ро┐роЯрпНро▓ро░рпН роОройрпНрокро╡ро░рпН ропро╛ро░рпН?
user_speech is converted to text:
ро╣ро┐роЯрпНро▓ро░рпН роОройрпНрокро╡ро░рпН ропро╛ро░рпН?
!!!!!!
ро╣ро┐роЯрпНро▓ро░рпН роОройрпНрокро╡ро░рпН роТро░рпБ роЬро░рпНрооройро┐роп роЕро░роЪро┐ропро▓рпНро╡ро╛родро┐ рооро▒рпНро▒рпБроорпН 1933 роорпБродро▓рпН 1945 ро╡ро░рпИ роЬрпЖро░рпНрооройро┐ропро┐ройрпН роЪро╛ройрпНроЪро┐ро▓ро░ро╛роХ роЗро░рпБроирпНродро╡ро░рпН. роЗро╡ро░рпН роиро╛роЪро┐ роХроЯрпНроЪро┐ропро┐ройрпН родро▓рпИро╡ро░рпБроорпН роЖро╡ро╛ро░рпН. роЗро╡ро░родрпБ роЖроЯрпНроЪро┐роХрпНроХро╛ро▓родрпНродро┐ро▓рпН рокрпЖро░ро┐роп рооро╛ро▒рпНро▒роЩрпНроХро│рпН роиро┐роХро┤рпНроирпНродрой, роЖройро╛ро▓рпН роЕро╡рпИ рокро▓ роорпБро▒рпИроХро│ро┐ро▓рпН рооройро┐род роЙро░ро┐роорпИроХро│рпБроХрпНроХрпБ рооро┐роХро╡рпБроорпН рокро╛родро┐рокрпНрокрпБ роПро▒рпНрокроЯрпБродрпНродро┐ропро╡рпИ.

роТро░рпБ рокрпБродро┐роп рокро╛ро░рпНро╡рпИропрпИ рокро╛ро░рпНрокрпНрокрпЛроорпН: роЗродрпБ роироорпНроорпИ роЕройрпНро▒рпИроп ро╡ро░ро▓ро╛ро▒рпНро▒рпИ рокроЯро┐родрпНродрпБ рокро╛роЯрооро╛роХ рокропройрпНрокроЯрпБродрпНрод ро╡рпИродрпНродрпБроХрпНроХрпКро│рпНро│ ро╡рпЗрогрпНроЯрпБроорпН, роЗро╡рпНро╡ро╛ро▒ро╛рой родрпБро░рпЛроХроЩрпНроХро│рпН рооро▒рпНро▒рпБроорпН роЖроЯрпНроЪро┐роХро│ро┐ро▓ро┐ро░рпБроирпНродрпБ роОрокрпНрокроЯро┐ родроЯрпБрокрпНрокродрпБ роОройрпНрокродро▒рпНроХро╛рой роХро▒рпНро▒ро▓рпН ро╡ро┤ро┐роХро╛роЯрпНроЯро┐ропро╛роХ роЗро░рпБроХрпНроХро▓ро╛роорпН. роЕро░роЪро┐ропро▓рпНро╡ро╛родро┐роХро│рпН рооро▒рпНро▒рпБроорпН роЕро░роЪро┐ропро▓рпНроХро│рпБроХрпНроХрпБ роОродро┐ро░ро╛роХ роОрокрпНрокрпЛродрпБ роЕро▓роЪро┐ро╡ро┐роЯ ро╡рпЗрогрпНроЯрпБроорпН, роОрокрпНрокроЯро┐ роиро┐ропро╛ропрооро╛рой роХрпБро░ро▓рпИрокрпН рокрпЖро▒рпБро╡родрпБ роОройрпНрокродрпБ рокро▒рпНро▒ро┐ роиро╛роорпН роТройрпНро▒ро╛роХ роЪро┐роирпНродройрпИ роЪрпЖропрпНропро▓ро╛роорпН. роЕродро┐роХ роХро╡ройроорпН роЪрпЖро▓рпБродрпНродро┐, роироорпНроорпИ роЪрпБро▒рпНро▒ро┐ропрпБро│рпНро│ роЙро▓роХродрпНродрпИ роирпЗроЪро┐рокрпНрокрпЛроорпН, роТро░рпБ рокрпБродрпНродро┐роЪро╛ро▓ро┐ рооро▒рпНро▒рпБроорпН роЗрогроХрпНроХрокрпНрокроЯрпНроЯ роЪроорпВроХродрпНродрпИ роЙро░рпБро╡ро╛роХрпНроХрпБро╡рпЛроорпН! ЁЯМНтЬи
gpt_response was:
ро╣ро┐роЯрпНро▓ро░рпН роОройрпНрокро╡ро░рпН роТро░рпБ роЬро░рпНрооройро┐роп роЕро░роЪро┐ропро▓рпНро╡ро╛родро┐ рооро▒рпНро▒рпБроорпН 1933 роорпБродро▓рпН 1945 ро╡ро░рпИ роЬрпЖро░рпНрооройро┐ропро┐ройрпН роЪро╛ройрпНроЪро┐ро▓ро░ро╛роХ роЗро░рпБроирпНродро╡ро░рпН. роЗро╡ро░рпН роиро╛роЪро┐ роХроЯрпНроЪро┐ропро┐ройрпН родро▓рпИро╡ро░рпБроорпН роЖро╡ро╛ро░рпН. роЗро╡ро░родрпБ роЖроЯрпНроЪро┐роХрпНроХро╛ро▓родрпНродро┐ро▓рпН рокрпЖро░ро┐роп рооро╛ро▒рпНро▒роЩрпНроХро│рпН роиро┐роХро┤рпНроирпНродрой, роЖройро╛ро▓рпН роЕро╡рпИ рокро▓ роорпБро▒рпИроХро│ро┐ро▓рпН рооройро┐род роЙро░ро┐роорпИроХро│рпБроХрпНроХрпБ рооро┐роХро╡рпБроорпН рокро╛родро┐рокрпНрокрпБ роПро▒рпНрокроЯрпБродрпНродро┐ропро╡рпИ.

роТро░рпБ рокрпБродро┐роп рокро╛ро░рпНро╡рпИропрпИ рокро╛ро░рпНрокрпНрокрпЛроорпН: роЗродрпБ роироорпНроорпИ роЕройрпНро▒рпИроп ро╡ро░ро▓ро╛ро▒рпНро▒рпИ рокроЯро┐родрпНродрпБ рокро╛роЯрооро╛роХ рокропройрпНрокроЯрпБродрпНрод ро╡рпИродрпНродрпБроХрпНроХрпКро│рпНро│ ро╡рпЗрогрпНроЯрпБроорпН, роЗро╡рпНро╡ро╛ро▒ро╛рой родрпБро░рпЛроХроЩрпНроХро│рпН рооро▒рпНро▒рпБроорпН роЖроЯрпНроЪро┐роХро│ро┐ро▓ро┐ро░рпБроирпНродрпБ роОрокрпНрокроЯро┐ родроЯрпБрокрпНрокродрпБ роОройрпНрокродро▒рпНроХро╛рой роХро▒рпНро▒ро▓рпН ро╡ро┤ро┐роХро╛роЯрпНроЯро┐ропро╛роХ роЗро░рпБроХрпНроХро▓ро╛роорпН. роЕро░роЪро┐ропро▓рпНро╡ро╛родро┐роХро│рпН рооро▒рпНро▒рпБроорпН роЕро░роЪро┐ропро▓рпНроХро│рпБроХрпНроХрпБ роОродро┐ро░ро╛роХ роОрокрпНрокрпЛродрпБ роЕро▓роЪро┐ро╡ро┐роЯ ро╡рпЗрогрпНроЯрпБроорпН, роОрокрпНрокроЯро┐ роиро┐ропро╛ропрооро╛рой роХрпБро░ро▓рпИрокрпН рокрпЖро▒рпБро╡родрпБ роОройрпНрокродрпБ рокро▒рпНро▒ро┐ роиро╛роорпН роТройрпНро▒ро╛роХ роЪро┐роирпНродройрпИ роЪрпЖропрпНропро▓ро╛роорпН. роЕродро┐роХ роХро╡ройроорпН роЪрпЖро▓рпБродрпНродро┐, роироорпНроорпИ роЪрпБро▒рпНро▒ро┐ропрпБро│рпНро│ роЙро▓роХродрпНродрпИ роирпЗроЪро┐рокрпНрокрпЛроорпН, роТро░рпБ рокрпБродрпНродро┐роЪро╛ро▓ро┐ рооро▒рпНро▒рпБроорпН роЗрогроХрпНроХрокрпНрокроЯрпНроЯ роЪроорпВроХродрпНродрпИ роЙро░рпБро╡ро╛роХрпНроХрпБро╡рпЛроорпН! ЁЯМНтЬи
Enter the file path: 
